<?xml version="1.0" encoding="utf-8"?><testsuites name="pytest tests"><testsuite name="pytest" errors="0" failures="0" skipped="0" tests="17" time="1.524" timestamp="2026-01-29T17:46:39.359478+00:00" hostname="agent-env-62becc39-ec55-44fd-8aee-31e72bf34d46"><testcase classname="backend.tests.test_bug_fixes.TestHealthCheck" name="test_health_endpoint" time="0.076" /><testcase classname="backend.tests.test_bug_fixes.TestUserRegistrationAndLogin" name="test_sercano_user_gets_admin_role" time="0.048" /><testcase classname="backend.tests.test_bug_fixes.TestUserRegistrationAndLogin" name="test_regular_user_gets_user_role" time="0.048" /><testcase classname="backend.tests.test_bug_fixes.TestUserRegistrationAndLogin" name="test_device_check_returns_user" time="0.087" /><testcase classname="backend.tests.test_bug_fixes.TestAdminPanelUsersRoles" name="test_users_roles_with_admin_user_id" time="0.087" /><testcase classname="backend.tests.test_bug_fixes.TestAdminPanelUsersRoles" name="test_users_roles_without_admin_user_id_fails" time="0.044" /><testcase classname="backend.tests.test_bug_fixes.TestAdminPanelUsersRoles" name="test_users_roles_with_non_admin_user_fails" time="0.087" /><testcase classname="backend.tests.test_bug_fixes.TestAdminPanelUsersRoles" name="test_users_roles_with_invalid_user_id_fails" time="0.047" /><testcase classname="backend.tests.test_bug_fixes.TestReportExport" name="test_export_pdf_format" time="0.094" /><testcase classname="backend.tests.test_bug_fixes.TestReportExport" name="test_export_excel_format" time="0.135" /><testcase classname="backend.tests.test_bug_fixes.TestReportExport" name="test_export_word_format" time="0.115" /><testcase classname="backend.tests.test_bug_fixes.TestReportExport" name="test_export_invalid_format_fails" time="0.123" /><testcase classname="backend.tests.test_bug_fixes.TestReportExport" name="test_export_without_user_id_fails" time="0.037" /><testcase classname="backend.tests.test_bug_fixes.TestDashboardStats" name="test_dashboard_stats_returns_data" time="0.087" /><testcase classname="backend.tests.test_bug_fixes.TestDashboardStats" name="test_dashboard_stats_without_user_id_fails" time="0.071" /><testcase classname="backend.tests.test_bug_fixes.TestTaskAssignment" name="test_get_all_users_for_assignment" time="0.035" /><testcase classname="backend.tests.test_bug_fixes.TestTaskAssignment" name="test_create_task_with_assignment" time="0.138" /></testsuite></testsuites>