<?xml version="1.0" encoding="utf-8"?><testsuites name="pytest tests"><testsuite name="pytest" errors="0" failures="0" skipped="0" tests="28" time="1.969" timestamp="2026-01-22T18:29:03.280397+00:00" hostname="agent-env-dbe0d45f-2577-43ae-8a9a-41585229fd76"><testcase classname="backend.tests.test_qa_task_manager.TestHealthCheck" name="test_health_endpoint" time="0.077" /><testcase classname="backend.tests.test_qa_task_manager.TestAuthEndpoints" name="test_register_new_user" time="0.047" /><testcase classname="backend.tests.test_qa_task_manager.TestAuthEndpoints" name="test_register_same_device_returns_existing_user" time="0.036" /><testcase classname="backend.tests.test_qa_task_manager.TestAuthEndpoints" name="test_check_device_registered" time="0.037" /><testcase classname="backend.tests.test_qa_task_manager.TestAuthEndpoints" name="test_check_device_not_registered" time="0.042" /><testcase classname="backend.tests.test_qa_task_manager.TestAuthEndpoints" name="test_register_empty_name_fails" time="0.037" /><testcase classname="backend.tests.test_qa_task_manager.TestTaskEndpoints" name="test_create_task" time="0.091" /><testcase classname="backend.tests.test_qa_task_manager.TestTaskEndpoints" name="test_get_tasks" time="0.048" /><testcase classname="backend.tests.test_qa_task_manager.TestTaskEndpoints" name="test_get_single_task" time="0.034" /><testcase classname="backend.tests.test_qa_task_manager.TestTaskEndpoints" name="test_update_task_status" time="0.074" /><testcase classname="backend.tests.test_qa_task_manager.TestTaskEndpoints" name="test_update_task_priority" time="0.041" /><testcase classname="backend.tests.test_qa_task_manager.TestTaskEndpoints" name="test_filter_tasks_by_status" time="0.040" /><testcase classname="backend.tests.test_qa_task_manager.TestTaskEndpoints" name="test_delete_task" time="0.118" /><testcase classname="backend.tests.test_qa_task_manager.TestNotificationEndpoints" name="test_get_notifications" time="0.066" /><testcase classname="backend.tests.test_qa_task_manager.TestNotificationEndpoints" name="test_mark_notification_read" time="0.103" /><testcase classname="backend.tests.test_qa_task_manager.TestNotificationEndpoints" name="test_mark_all_notifications_read" time="0.073" /><testcase classname="backend.tests.test_qa_task_manager.TestDailySummaryEndpoint" name="test_daily_summary_endpoint" time="0.366" /><testcase classname="backend.tests.test_qa_task_manager.TestDailySummaryEndpoint" name="test_daily_summary_in_progress_tasks" time="0.036" /><testcase classname="backend.tests.test_qa_task_manager.TestDailySummaryEndpoint" name="test_daily_summary_blocked_tasks" time="0.034" /><testcase classname="backend.tests.test_qa_task_manager.TestDailySummaryEndpoint" name="test_daily_summary_planned_tasks" time="0.035" /><testcase classname="backend.tests.test_qa_task_manager.TestProjectEndpoints" name="test_create_project" time="0.074" /><testcase classname="backend.tests.test_qa_task_manager.TestProjectEndpoints" name="test_get_projects" time="0.035" /><testcase classname="backend.tests.test_qa_task_manager.TestProjectEndpoints" name="test_update_project" time="0.037" /><testcase classname="backend.tests.test_qa_task_manager.TestDashboardStats" name="test_dashboard_stats_structure" time="0.073" /><testcase classname="backend.tests.test_qa_task_manager.TestCategoryManagement" name="test_default_categories_exist" time="0.035" /><testcase classname="backend.tests.test_qa_task_manager.TestCategoryManagement" name="test_add_custom_category" time="0.037" /><testcase classname="backend.tests.test_qa_task_manager.TestCategoryManagement" name="test_delete_custom_category" time="0.075" /><testcase classname="backend.tests.test_qa_task_manager.TestCategoryManagement" name="test_cannot_delete_default_category" time="0.032" /></testsuite></testsuites>