<?xml version="1.0" encoding="utf-8"?><testsuites name="pytest tests"><testsuite name="pytest" errors="0" failures="0" skipped="0" tests="15" time="1.473" timestamp="2026-01-29T22:08:59.820908+00:00" hostname="agent-env-29354a6a-14bc-4200-ac31-06253778a662"><testcase classname="backend.tests.test_qa_projects_cycles.TestQAProjectsAPI" name="test_get_qa_projects" time="0.064" /><testcase classname="backend.tests.test_qa_projects_cycles.TestQAProjectsAPI" name="test_add_qa_project" time="0.109" /><testcase classname="backend.tests.test_qa_projects_cycles.TestQAProjectsAPI" name="test_add_duplicate_project_fails" time="0.111" /><testcase classname="backend.tests.test_qa_projects_cycles.TestQAProjectsAPI" name="test_add_project_without_name_fails" time="0.039" /><testcase classname="backend.tests.test_qa_projects_cycles.TestQAProjectsAPI" name="test_update_qa_project" time="0.108" /><testcase classname="backend.tests.test_qa_projects_cycles.TestQAProjectsAPI" name="test_delete_qa_project" time="0.105" /><testcase classname="backend.tests.test_qa_projects_cycles.TestCyclesAPI" name="test_get_cycles" time="0.034" /><testcase classname="backend.tests.test_qa_projects_cycles.TestCyclesAPI" name="test_add_cycle" time="0.072" /><testcase classname="backend.tests.test_qa_projects_cycles.TestCyclesAPI" name="test_add_duplicate_cycle_fails" time="0.107" /><testcase classname="backend.tests.test_qa_projects_cycles.TestCyclesAPI" name="test_add_cycle_without_key_fails" time="0.076" /><testcase classname="backend.tests.test_qa_projects_cycles.TestCyclesAPI" name="test_add_cycle_without_name_fails" time="0.033" /><testcase classname="backend.tests.test_qa_projects_cycles.TestCyclesAPI" name="test_update_cycle" time="0.150" /><testcase classname="backend.tests.test_qa_projects_cycles.TestCyclesAPI" name="test_delete_cycle" time="0.106" /><testcase classname="backend.tests.test_qa_projects_cycles.TestDataPersistence" name="test_project_persists_after_creation" time="0.102" /><testcase classname="backend.tests.test_qa_projects_cycles.TestDataPersistence" name="test_cycle_persists_after_creation" time="0.108" /></testsuite></testsuites>